curl: (6) Could not resolve host: canary-openshift-ingress-canary.apps.build01.ci.devcluster.openshift.com
dnslookup: 0.000000 | connect: 0.000000 | appconnect: 0.000000 | pretransfer: 0.000000 | starttransfer: 0.000000 | total: 19.875074 | size: 0
curl: (6) Could not resolve host: canary-openshift-ingress-canary.apps.build01.ci.dnslookup: 0.000000 | connect: 0.000000 | appconnect: 0.000000 | pretransfer: 0.000000 | starttransfer: 0.000000 | total: 19.890747 | size: 0
devcluster.openshift.com
Healthcheck requested
dnslookup: 5.073383 | connect: 5.075062 | appconnect: 5.084121 | pretransfer: 5.084144 | starttransfer: 5.085891 | total: 5.085903 | size: 22
Healthcheck requested
dnslookup: 0.002989 | connect: 0.004337 | appconnect: 0.011122 | pretransfer: 0.011144 | starttransfer: 0.013069 | total: 0.013079 | size: 22
Healthcheck requested
dnslookup: 0.001275 | connect: 0.002997 | appconnect: 0.009784 | pretransfer: 0.009806 | starttransfer: 0.011707 | total: 0.011718 | size: 22
Healthcheck requested
dnslookup: 0.002672 | connect: 0.004177 | appconnect: 0.011855 | pretransfer: 0.011877 | starttransfer: 0.013012 | total: 0.013023 | size: 22
Healthcheck requested
dnslookup: 0.004086 | connect: 0.005567 | appconnect: 0.012718 | pretransfer: 0.012746 | starttransfer: 0.014360 | total: 0.014372 | size: 22
Healthcheck requested
dnslookup: 0.001548 | connect: 0.003516 | appconnect: 0.010448 | pretransfer: 0.010469 | starttransfer: 0.012414 | total: 0.012425 | size: 22
Healthcheck requested
dnslookup: 0.001523 | connect: 0.002895 | appconnect: 0.010832 | pretransfer: 0.010849 | starttransfer: 0.013681 | total: 0.013696 | size: 22
Healthcheck requested
dnslookup: 0.001624 | connect: 0.003206 | appconnect: 0.011047 | pretransfer: 0.011077 | starttransfer: 0.012757 | total: 0.012771 | size: 22
Healthcheck requested
dnslookup: 0.001257 | connect: 0.002703 | appconnect: 0.012542 | pretransfer: 0.012573 | starttransfer: 0.014197 | total: 0.014219 | size: 22
Healthcheck requested
dnslookup: 0.001387 | connect: 0.003225 | appconnect: 0.012019 | pretransfer: 0.012042 | starttransfer: 0.015261 | total: 0.015275 | size: 22
Healthcheck requested
dnslookup: 0.001778 | connect: 0.003358 | appconnect: 0.010968 | pretransfer: 0.010998 | starttransfer: 0.012708 | total: 0.012722 | size: 22
Healthcheck requested
dnslookup: 0.000947 | connect: 0.002508 | appconnect: 0.009823 | pretransfer: 0.009856 | starttransfer: 0.012415 | total: 0.012430 | size: 22
Healthcheck requested
dnslookup: 0.002074 | connect: 0.003807 | appconnect: 0.012666 | pretransfer: 0.012695 | starttransfer: 0.014619 | total: 0.014637 | size: 22
Healthcheck requested
dnslookup: 0.011213 | connect: 0.012676 | appconnect: 0.022139 | pretransfer: 0.022173 | starttransfer: 0.023807 | total: 0.023826 | size: 22
Healthcheck requested
dnslookup: 0.001615 | connect: 0.003132 | appconnect: 0.013055 | pretransfer: 0.013086 | starttransfer: 0.014794 | total: 0.014809 | size: 22
Healthcheck requested
dnslookup: 0.000848 | connect: 0.002494 | appconnect: 0.010444 | pretransfer: 0.010471 | starttransfer: 0.011774 | total: 0.011788 | size: 22
Healthcheck requested
dnslookup: 0.001414 | connect: 0.003129 | appconnect: 0.014477 | pretransfer: 0.014498 | starttransfer: 0.017078 | total: 0.017090 | size: 22
Healthcheck requested
dnslookup: 0.001470 | connect: 0.003087 | appconnect: 0.010144 | pretransfer: 0.010167 | starttransfer: 0.011797 | total: 0.011809 | size: 22
Healthcheck requested
dnslookup: 0.002748 | connect: 0.004529 | appconnect: 0.013994 | pretransfer: 0.014022 | starttransfer: 0.015459 | total: 0.015475 | size: 22
Healthcheck requested
dnslookup: 0.000987 | connect: 0.002605 | appconnect: 0.010522 | pretransfer: 0.010545 | starttransfer: 0.012217 | total: 0.012229 | size: 22
Healthcheck requested
dnslookup: 0.001508 | connect: 0.003076 | appconnect: 0.010920 | pretransfer: 0.010943 | starttransfer: 0.012108 | total: 0.012119 | size: 22
Healthcheck requested
dnslookup: 0.001449 | connect: 0.003051 | appconnect: 0.011536 | pretransfer: 0.011574 | starttransfer: 0.013227 | total: 0.013243 | size: 22
Healthcheck requested
dnslookup: 0.001551 | connect: 0.003168 | appconnect: 0.011411 | pretransfer: 0.011444 | starttransfer: 0.013135 | total: 0.013148 | size: 22
Healthcheck requested
dnslookup: 0.000717 | connect: 0.002920 | appconnect: 0.010219 | pretransfer: 0.010245 | starttransfer: 0.012100 | total: 0.012110 | size: 22
Healthcheck requested
dnslookup: 0.000725 | connect: 0.002646 | appconnect: 0.013722 | pretransfer: 0.013745 | starttransfer: 0.018384 | total: 0.018399 | size: 22
Healthcheck requested
dnslookup: 0.001704 | connect: 0.003380 | appconnect: 0.010454 | pretransfer: 0.010478 | starttransfer: 0.012052 | total: 0.012064 | size: 22
Healthcheck requested
dnslookup: 0.001635 | connect: 0.003356 | appconnect: 0.010960 | pretransfer: 0.010983 | starttransfer: 0.013533 | total: 0.013543 | size: 22
Healthcheck requested
dnslookup: 0.000853 | connect: 0.002605 | appconnect: 0.010759 | pretransfer: 0.010784 | starttransfer: 0.012435 | total: 0.012447 | size: 22
Healthcheck requested
dnslookup: 0.001672 | connect: 0.003498 | appconnect: 0.011149 | pretransfer: 0.011184 | starttransfer: 0.012667 | total: 0.012683 | size: 22
Healthcheck requested
dnslookup: 0.002067 | connect: 0.003835 | appconnect: 0.011513 | pretransfer: 0.011537 | starttransfer: 0.012773 | total: 0.012788 | size: 22
Healthcheck requested
dnslookup: 0.001170 | connect: 0.002758 | appconnect: 0.010930 | pretransfer: 0.010954 | starttransfer: 0.013364 | total: 0.013377 | size: 22
Healthcheck requested
dnslookup: 0.001668 | connect: 0.003159 | appconnect: 0.011958 | pretransfer: 0.011982 | starttransfer: 0.013570 | total: 0.013586 | size: 22
Healthcheck requested
dnslookup: 0.001632 | connect: 0.002966 | appconnect: 0.010743 | pretransfer: 0.010769 | starttransfer: 0.012381 | total: 0.012393 | size: 22
Healthcheck requested
dnslookup: 0.002290 | connect: 0.003759 | appconnect: 0.010394 | pretransfer: 0.010417 | starttransfer: 0.011925 | total: 0.011936 | size: 22
Healthcheck requested
dnslookup: 0.001565 | connect: 0.003011 | appconnect: 0.009937 | pretransfer: 0.009972 | starttransfer: 0.011660 | total: 0.011672 | size: 22
Healthcheck requested
dnslookup: 0.001485 | connect: 0.003117 | appconnect: 0.010274 | pretransfer: 0.010297 | starttransfer: 0.011525 | total: 0.011537 | size: 22
Healthcheck requested
dnslookup: 0.001472 | connect: 0.003171 | appconnect: 0.010556 | pretransfer: 0.010579 | starttransfer: 0.012130 | total: 0.012140 | size: 22
Healthcheck requested
dnslookup: 0.001326 | connect: 0.003043 | appconnect: 0.010509 | pretransfer: 0.010534 | starttransfer: 0.012989 | total: 0.013001 | size: 22
Healthcheck requested
dnslookup: 0.001032 | connect: 0.002641 | appconnect: 0.010114 | pretransfer: 0.010143 | starttransfer: 0.011373 | total: 0.011385 | size: 22
Healthcheck requested
dnslookup: 0.001476 | connect: 0.003022 | appconnect: 0.011527 | pretransfer: 0.011562 | starttransfer: 0.013095 | total: 0.013109 | size: 22
Healthcheck requested
dnslookup: 0.001198 | connect: 0.002607 | appconnect: 0.009642 | pretransfer: 0.009666 | starttransfer: 0.011155 | total: 0.011169 | size: 22
Healthcheck requested
dnslookup: 0.001204 | connect: 0.002900 | appconnect: 0.010749 | pretransfer: 0.010772 | starttransfer: 0.012702 | total: 0.012713 | size: 22
Healthcheck requested
dnslookup: 0.001572 | connect: 0.002999 | appconnect: 0.011063 | pretransfer: 0.011085 | starttransfer: 0.012813 | total: 0.012824 | size: 22
Healthcheck requested
dnslookup: 0.001078 | connect: 0.002628 | appconnect: 0.009955 | pretransfer: 0.009979 | starttransfer: 0.011547 | total: 0.011564 | size: 22
Healthcheck requested
dnslookup: 0.001496 | connect: 0.002968 | appconnect: 0.010012 | pretransfer: 0.010037 | starttransfer: 0.011795 | total: 0.011807 | size: 22
Healthcheck requested
dnslookup: 0.001304 | connect: 0.002726 | appconnect: 0.009579 | pretransfer: 0.009602 | starttransfer: 0.011295 | total: 0.011305 | size: 22
Healthcheck requested
dnslookup: 0.001209 | connect: 0.002720 | appconnect: 0.009466 | pretransfer: 0.009488 | starttransfer: 0.010864 | total: 0.010876 | size: 22
Healthcheck requested
dnslookup: 0.001482 | connect: 0.003582 | appconnect: 0.012044 | pretransfer: 0.012072 | starttransfer: 0.014051 | total: 0.014065 | size: 22
Healthcheck requested
dnslookup: 0.001515 | connect: 0.003122 | appconnect: 0.009649 | pretransfer: 0.009671 | starttransfer: 0.010834 | total: 0.010845 | size: 22
Healthcheck requested
dnslookup: 0.001565 | connect: 0.003033 | appconnect: 0.009632 | pretransfer: 0.009655 | starttransfer: 0.010787 | total: 0.010797 | size: 22
Healthcheck requested
dnslookup: 0.000803 | connect: 0.002514 | appconnect: 0.009353 | pretransfer: 0.009376 | starttransfer: 0.011082 | total: 0.011097 | size: 22
Healthcheck requested
dnslookup: 0.000737 | connect: 0.002194 | appconnect: 0.008899 | pretransfer: 0.008922 | starttransfer: 0.010601 | total: 0.010613 | size: 22
Healthcheck requested
dnslookup: 0.001658 | connect: 0.003316 | appconnect: 0.010696 | pretransfer: 0.010718 | starttransfer: 0.013802 | total: 0.013811 | size: 22
Healthcheck requested
dnslookup: 0.001801 | connect: 0.003057 | appconnect: 0.009985 | pretransfer: 0.010009 | starttransfer: 0.012686 | total: 0.012698 | size: 22
Healthcheck requested
dnslookup: 0.001542 | connect: 0.003119 | appconnect: 0.009947 | pretransfer: 0.009971 | starttransfer: 0.011218 | total: 0.011228 | size: 22
Healthcheck requested
dnslookup: 0.000697 | connect: 0.002079 | appconnect: 0.008768 | pretransfer: 0.008792 | starttransfer: 0.010441 | total: 0.010453 | size: 22
Healthcheck requested
dnslookup: 0.001186 | connect: 0.002453 | appconnect: 0.008937 | pretransfer: 0.008959 | starttransfer: 0.010607 | total: 0.010617 | size: 22
Healthcheck requested
dnslookup: 0.001368 | connect: 0.002902 | appconnect: 0.009762 | pretransfer: 0.009786 | starttransfer: 0.012457 | total: 0.012469 | size: 22
Healthcheck requested
dnslookup: 0.001552 | connect: 0.003032 | appconnect: 0.009766 | pretransfer: 0.009792 | starttransfer: 0.011338 | total: 0.011350 | size: 22
Healthcheck requested
dnslookup: 0.001570 | connect: 0.002942 | appconnect: 0.011886 | pretransfer: 0.011933 | starttransfer: 0.013682 | total: 0.013697 | size: 22
Healthcheck requested
dnslookup: 0.001064 | connect: 0.002337 | appconnect: 0.011369 | pretransfer: 0.011401 | starttransfer: 0.012737 | total: 0.012752 | size: 22
Healthcheck requested
dnslookup: 0.000969 | connect: 0.002585 | appconnect: 0.009541 | pretransfer: 0.009563 | starttransfer: 0.011289 | total: 0.011301 | size: 22
Healthcheck requested
dnslookup: 0.001234 | connect: 0.002683 | appconnect: 0.009231 | pretransfer: 0.009253 | starttransfer: 0.010842 | total: 0.010853 | size: 22
Healthcheck requested
dnslookup: 0.001008 | connect: 0.002340 | appconnect: 0.009100 | pretransfer: 0.009122 | starttransfer: 0.010857 | total: 0.010868 | size: 22
Healthcheck requested
dnslookup: 0.001035 | connect: 0.002448 | appconnect: 0.008903 | pretransfer: 0.008926 | starttransfer: 0.010118 | total: 0.010129 | size: 22
Healthcheck requested
dnslookup: 0.000840 | connect: 0.002457 | appconnect: 0.009047 | pretransfer: 0.009072 | starttransfer: 0.010710 | total: 0.010720 | size: 22
Healthcheck requested
dnslookup: 0.000732 | connect: 0.002353 | appconnect: 0.009861 | pretransfer: 0.009887 | starttransfer: 0.011168 | total: 0.011178 | size: 22
Healthcheck requested
dnslookup: 0.002059 | connect: 0.003416 | appconnect: 0.012003 | pretransfer: 0.012028 | starttransfer: 0.014868 | total: 0.014880 | size: 22
Healthcheck requested
dnslookup: 0.000871 | connect: 0.002469 | appconnect: 0.010965 | pretransfer: 0.010999 | starttransfer: 0.012762 | total: 0.012779 | size: 22
Healthcheck requested
dnslookup: 0.002427 | connect: 0.004260 | appconnect: 0.013657 | pretransfer: 0.013695 | starttransfer: 0.015256 | total: 0.015272 | size: 22
Healthcheck requested
dnslookup: 0.001259 | connect: 0.005497 | appconnect: 0.015039 | pretransfer: 0.015066 | starttransfer: 0.019955 | total: 0.019972 | size: 22
Healthcheck requested
dnslookup: 0.006230 | connect: 0.008468 | appconnect: 0.018045 | pretransfer: 0.018072 | starttransfer: 0.019415 | total: 0.019429 | size: 22
Healthcheck requested
dnslookup: 0.001066 | connect: 0.002760 | appconnect: 0.011324 | pretransfer: 0.011357 | starttransfer: 0.012981 | total: 0.012996 | size: 22
Healthcheck requested
dnslookup: 0.001116 | connect: 0.002996 | appconnect: 0.013402 | pretransfer: 0.013456 | starttransfer: 0.014751 | total: 0.014765 | size: 22
Healthcheck requested
dnslookup: 0.001604 | connect: 0.003344 | appconnect: 0.011386 | pretransfer: 0.011411 | starttransfer: 0.014097 | total: 0.014111 | size: 22
Healthcheck requested
dnslookup: 0.001659 | connect: 0.003090 | appconnect: 0.009797 | pretransfer: 0.009818 | starttransfer: 0.011446 | total: 0.011457 | size: 22
Healthcheck requested
dnslookup: 0.004095 | connect: 0.005955 | appconnect: 0.012923 | pretransfer: 0.012946 | starttransfer: 0.014671 | total: 0.014682 | size: 22
Healthcheck requested
dnslookup: 0.000677 | connect: 0.002534 | appconnect: 0.009299 | pretransfer: 0.009326 | starttransfer: 0.010884 | total: 0.010896 | size: 22
Healthcheck requested
dnslookup: 0.001884 | connect: 0.003436 | appconnect: 0.010260 | pretransfer: 0.010285 | starttransfer: 0.012095 | total: 0.012106 | size: 22
Healthcheck requested
dnslookup: 0.001412 | connect: 0.003178 | appconnect: 0.010312 | pretransfer: 0.010336 | starttransfer: 0.012006 | total: 0.012016 | size: 22
Healthcheck requested
dnslookup: 0.001422 | connect: 0.003164 | appconnect: 0.009804 | pretransfer: 0.009827 | starttransfer: 0.011090 | total: 0.011100 | size: 22
Healthcheck requested
dnslookup: 0.001377 | connect: 0.003098 | appconnect: 0.010087 | pretransfer: 0.010109 | starttransfer: 0.011918 | total: 0.011929 | size: 22
Healthcheck requested
dnslookup: 0.001046 | connect: 0.002956 | appconnect: 0.009810 | pretransfer: 0.009833 | starttransfer: 0.011640 | total: 0.011651 | size: 22
Healthcheck requested
dnslookup: 0.001682 | connect: 0.003315 | appconnect: 0.010145 | pretransfer: 0.010169 | starttransfer: 0.011853 | total: 0.011865 | size: 22
Healthcheck requested
dnslookup: 0.001523 | connect: 0.003478 | appconnect: 0.010800 | pretransfer: 0.010835 | starttransfer: 0.014136 | total: 0.014148 | size: 22
Healthcheck requested
dnslookup: 0.001421 | connect: 0.002778 | appconnect: 0.010195 | pretransfer: 0.010219 | starttransfer: 0.011958 | total: 0.011972 | size: 22
Healthcheck requested
dnslookup: 0.005127 | connect: 0.006486 | appconnect: 0.013132 | pretransfer: 0.013158 | starttransfer: 0.014986 | total: 0.014997 | size: 22
Healthcheck requested
dnslookup: 0.000715 | connect: 0.002111 | appconnect: 0.009355 | pretransfer: 0.009377 | starttransfer: 0.010919 | total: 0.010931 | size: 22
Healthcheck requested
dnslookup: 0.000641 | connect: 0.002039 | appconnect: 0.008655 | pretransfer: 0.008679 | starttransfer: 0.010379 | total: 0.010390 | size: 22
Healthcheck requested
dnslookup: 0.001570 | connect: 0.003015 | appconnect: 0.011055 | pretransfer: 0.011079 | starttransfer: 0.013043 | total: 0.013055 | size: 22
Healthcheck requested
dnslookup: 0.001233 | connect: 0.002698 | appconnect: 0.009369 | pretransfer: 0.009405 | starttransfer: 0.010589 | total: 0.010599 | size: 22
Healthcheck requested
dnslookup: 0.001308 | connect: 0.002535 | appconnect: 0.009222 | pretransfer: 0.009244 | starttransfer: 0.012024 | total: 0.012036 | size: 22
Healthcheck requested
dnslookup: 0.001279 | connect: 0.002610 | appconnect: 0.011095 | pretransfer: 0.011131 | starttransfer: 0.012634 | total: 0.012646 | size: 22
Healthcheck requested
dnslookup: 0.000848 | connect: 0.002412 | appconnect: 0.011756 | pretransfer: 0.011780 | starttransfer: 0.013541 | total: 0.013555 | size: 22
Healthcheck requested
dnslookup: 0.000853 | connect: 0.002326 | appconnect: 0.009507 | pretransfer: 0.009539 | starttransfer: 0.011109 | total: 0.011122 | size: 22
Healthcheck requested
dnslookup: 0.001265 | connect: 0.002948 | appconnect: 0.010009 | pretransfer: 0.010040 | starttransfer: 0.011580 | total: 0.011593 | size: 22
Healthcheck requested
dnslookup: 0.001372 | connect: 0.003171 | appconnect: 0.010518 | pretransfer: 0.010541 | starttransfer: 0.012413 | total: 0.012424 | size: 22
Healthcheck requested
dnslookup: 0.005146 | connect: 0.006761 | appconnect: 0.014222 | pretransfer: 0.014258 | starttransfer: 0.015916 | total: 0.015927 | size: 22
Healthcheck requested
dnslookup: 0.001529 | connect: 0.003425 | appconnect: 0.010101 | pretransfer: 0.010124 | starttransfer: 0.011686 | total: 0.011708 | size: 22
Healthcheck requested
dnslookup: 0.001630 | connect: 0.003155 | appconnect: 0.011535 | pretransfer: 0.011558 | starttransfer: 0.013372 | total: 0.013384 | size: 22
Healthcheck requested
dnslookup: 0.001430 | connect: 0.002912 | appconnect: 0.010240 | pretransfer: 0.010268 | starttransfer: 0.012092 | total: 0.012105 | size: 22
Healthcheck requested
dnslookup: 0.001495 | connect: 0.003514 | appconnect: 0.010360 | pretransfer: 0.010383 | starttransfer: 0.011955 | total: 0.011966 | size: 22
Healthcheck requested
dnslookup: 0.001572 | connect: 0.003340 | appconnect: 0.010465 | pretransfer: 0.010488 | starttransfer: 0.013092 | total: 0.013104 | size: 22
Healthcheck requested
dnslookup: 0.000987 | connect: 0.002398 | appconnect: 0.009035 | pretransfer: 0.009057 | starttransfer: 0.011613 | total: 0.011624 | size: 22
Healthcheck requested
dnslookup: 0.001069 | connect: 0.002450 | appconnect: 0.009235 | pretransfer: 0.009257 | starttransfer: 0.011935 | total: 0.011948 | size: 22
Healthcheck requested
dnslookup: 0.001290 | connect: 0.002816 | appconnect: 0.009690 | pretransfer: 0.009713 | starttransfer: 0.011394 | total: 0.011406 | size: 22
Healthcheck requested
dnslookup: 0.001591 | connect: 0.003006 | appconnect: 0.011324 | pretransfer: 0.011347 | starttransfer: 0.013006 | total: 0.013018 | size: 22
Healthcheck requested
dnslookup: 0.001458 | connect: 0.002758 | appconnect: 0.009500 | pretransfer: 0.009529 | starttransfer: 0.011066 | total: 0.011077 | size: 22
Healthcheck requested
dnslookup: 0.001343 | connect: 0.002751 | appconnect: 0.009959 | pretransfer: 0.009985 | starttransfer: 0.011672 | total: 0.011684 | size: 22
Healthcheck requested
dnslookup: 0.000694 | connect: 0.002000 | appconnect: 0.008652 | pretransfer: 0.008675 | starttransfer: 0.010270 | total: 0.010281 | size: 22
Healthcheck requested
dnslookup: 0.001964 | connect: 0.003356 | appconnect: 0.010414 | pretransfer: 0.010443 | starttransfer: 0.013109 | total: 0.013125 | size: 22
Healthcheck requested
dnslookup: 0.000682 | connect: 0.001962 | appconnect: 0.008933 | pretransfer: 0.008956 | starttransfer: 0.011158 | total: 0.011177 | size: 22
Healthcheck requested
dnslookup: 0.001349 | connect: 0.002926 | appconnect: 0.011193 | pretransfer: 0.011219 | starttransfer: 0.014192 | total: 0.014208 | size: 22
Healthcheck requested
dnslookup: 0.001430 | connect: 0.003851 | appconnect: 0.010869 | pretransfer: 0.010890 | starttransfer: 0.012191 | total: 0.012201 | size: 22
Healthcheck requested
dnslookup: 0.001481 | connect: 0.003118 | appconnect: 0.010298 | pretransfer: 0.010321 | starttransfer: 0.012148 | total: 0.012159 | size: 22
Healthcheck requested
dnslookup: 0.000720 | connect: 0.002341 | appconnect: 0.009607 | pretransfer: 0.009631 | starttransfer: 0.011371 | total: 0.011382 | size: 22
Healthcheck requested
dnslookup: 0.001636 | connect: 0.003445 | appconnect: 0.010240 | pretransfer: 0.010264 | starttransfer: 0.011871 | total: 0.011884 | size: 22
Healthcheck requested
dnslookup: 0.000982 | connect: 0.002726 | appconnect: 0.009862 | pretransfer: 0.009886 | starttransfer: 0.011944 | total: 0.011955 | size: 22
Healthcheck requested
dnslookup: 0.001372 | connect: 0.003056 | appconnect: 0.011155 | pretransfer: 0.011191 | starttransfer: 0.012723 | total: 0.012734 | size: 22
