curl: (6) Could not resolve host: canary-openshift-ingress-canary.adnslookup: 0.000000 | connect: 0.000000 | appconnect: 0.000000 | pretransfer: 0.000000 | starttransfer: 0.000000 | total: 19.876571 | size: 0
pps.build01.ci.devcluster.openshift.com
curl: (6) Could not resolve host: canary-openshift-ingress-canary.apps.buildnslookup: 0.000000 | connect: 0.000000 | appconnect: 0.000000 | pretransfer: 0.000000 | starttransfer: 0.000000 | total: 19.889657 | size: 0
d01.ci.devcluster.openshift.com
Healthcheck requested
dnslookup: 5.073098 | connect: 5.074793 | appconnect: 5.084289 | pretransfer: 5.084314 | starttransfer: 5.085889 | total: 5.085902 | size: 22
Healthcheck requested
dnslookup: 0.001522 | connect: 0.002885 | appconnect: 0.009591 | pretransfer: 0.009614 | starttransfer: 0.011110 | total: 0.011122 | size: 22
Healthcheck requested
dnslookup: 0.002955 | connect: 0.004425 | appconnect: 0.010942 | pretransfer: 0.010965 | starttransfer: 0.012563 | total: 0.012573 | size: 22
Healthcheck requested
dnslookup: 0.001528 | connect: 0.003105 | appconnect: 0.009561 | pretransfer: 0.009583 | starttransfer: 0.011229 | total: 0.011240 | size: 22
Healthcheck requested
dnslookup: 0.001826 | connect: 0.003338 | appconnect: 0.010006 | pretransfer: 0.010027 | starttransfer: 0.011495 | total: 0.011504 | size: 22
Healthcheck requested
dnslookup: 0.001293 | connect: 0.002878 | appconnect: 0.009523 | pretransfer: 0.009547 | starttransfer: 0.010808 | total: 0.010819 | size: 22
Healthcheck requested
dnslookup: 0.001274 | connect: 0.002714 | appconnect: 0.009429 | pretransfer: 0.009452 | starttransfer: 0.010773 | total: 0.010783 | size: 22
Healthcheck requested
dnslookup: 0.002102 | connect: 0.003673 | appconnect: 0.010155 | pretransfer: 0.010176 | starttransfer: 0.011371 | total: 0.011381 | size: 22
Healthcheck requested
dnslookup: 0.001409 | connect: 0.004604 | appconnect: 0.012027 | pretransfer: 0.012050 | starttransfer: 0.013773 | total: 0.013782 | size: 22
Healthcheck requested
dnslookup: 0.002955 | connect: 0.004349 | appconnect: 0.011309 | pretransfer: 0.011330 | starttransfer: 0.013114 | total: 0.013124 | size: 22
Healthcheck requested
dnslookup: 0.001444 | connect: 0.002765 | appconnect: 0.009334 | pretransfer: 0.009356 | starttransfer: 0.010869 | total: 0.010879 | size: 22
Healthcheck requested
dnslookup: 0.000886 | connect: 0.002372 | appconnect: 0.009147 | pretransfer: 0.009173 | starttransfer: 0.012274 | total: 0.012286 | size: 22
Healthcheck requested
dnslookup: 0.000900 | connect: 0.002518 | appconnect: 0.008971 | pretransfer: 0.008993 | starttransfer: 0.010451 | total: 0.010460 | size: 22
Healthcheck requested
dnslookup: 0.001304 | connect: 0.003068 | appconnect: 0.009521 | pretransfer: 0.009543 | starttransfer: 0.011249 | total: 0.011259 | size: 22
Healthcheck requested
dnslookup: 0.000803 | connect: 0.002551 | appconnect: 0.009235 | pretransfer: 0.009256 | starttransfer: 0.011200 | total: 0.011209 | size: 22
Healthcheck requested
dnslookup: 0.001369 | connect: 0.002690 | appconnect: 0.009176 | pretransfer: 0.009224 | starttransfer: 0.010836 | total: 0.010845 | size: 22
Healthcheck requested
dnslookup: 0.000824 | connect: 0.002618 | appconnect: 0.009232 | pretransfer: 0.009253 | starttransfer: 0.010834 | total: 0.010844 | size: 22
Healthcheck requested
dnslookup: 0.000735 | connect: 0.002517 | appconnect: 0.009019 | pretransfer: 0.009040 | starttransfer: 0.011509 | total: 0.011519 | size: 22
Healthcheck requested
dnslookup: 0.001360 | connect: 0.003191 | appconnect: 0.011185 | pretransfer: 0.011207 | starttransfer: 0.013164 | total: 0.013174 | size: 22
Healthcheck requested
dnslookup: 0.001739 | connect: 0.003151 | appconnect: 0.009652 | pretransfer: 0.009674 | starttransfer: 0.011211 | total: 0.011220 | size: 22
Healthcheck requested
dnslookup: 0.001349 | connect: 0.003015 | appconnect: 0.009665 | pretransfer: 0.009688 | starttransfer: 0.011336 | total: 0.011346 | size: 22
Healthcheck requested
dnslookup: 0.000856 | connect: 0.002358 | appconnect: 0.008815 | pretransfer: 0.008837 | starttransfer: 0.010548 | total: 0.010559 | size: 22
Healthcheck requested
dnslookup: 0.001325 | connect: 0.002799 | appconnect: 0.009343 | pretransfer: 0.009366 | starttransfer: 0.010647 | total: 0.010658 | size: 22
Healthcheck requested
dnslookup: 0.001360 | connect: 0.002915 | appconnect: 0.009615 | pretransfer: 0.009637 | starttransfer: 0.012549 | total: 0.012560 | size: 22
Healthcheck requested
dnslookup: 0.000620 | connect: 0.002088 | appconnect: 0.008655 | pretransfer: 0.008676 | starttransfer: 0.010205 | total: 0.010215 | size: 22
Healthcheck requested
dnslookup: 0.001278 | connect: 0.002890 | appconnect: 0.009512 | pretransfer: 0.009535 | starttransfer: 0.010820 | total: 0.010829 | size: 22
Healthcheck requested
dnslookup: 0.001424 | connect: 0.003087 | appconnect: 0.009635 | pretransfer: 0.009656 | starttransfer: 0.011240 | total: 0.011249 | size: 22
Healthcheck requested
dnslookup: 0.001479 | connect: 0.003464 | appconnect: 0.010257 | pretransfer: 0.010278 | starttransfer: 0.013207 | total: 0.013216 | size: 22
Healthcheck requested
dnslookup: 0.001048 | connect: 0.003067 | appconnect: 0.009752 | pretransfer: 0.009773 | starttransfer: 0.011490 | total: 0.011501 | size: 22
Healthcheck requested
dnslookup: 0.001446 | connect: 0.003110 | appconnect: 0.009926 | pretransfer: 0.009947 | starttransfer: 0.011561 | total: 0.011571 | size: 22
Healthcheck requested
dnslookup: 0.001424 | connect: 0.006639 | appconnect: 0.013170 | pretransfer: 0.013191 | starttransfer: 0.014838 | total: 0.014847 | size: 22
Healthcheck requested
dnslookup: 0.000754 | connect: 0.003441 | appconnect: 0.010010 | pretransfer: 0.010031 | starttransfer: 0.012662 | total: 0.012671 | size: 22
Healthcheck requested
dnslookup: 0.000715 | connect: 0.002635 | appconnect: 0.009169 | pretransfer: 0.009190 | starttransfer: 0.011053 | total: 0.011064 | size: 22
Healthcheck requested
dnslookup: 0.001038 | connect: 0.002449 | appconnect: 0.009205 | pretransfer: 0.009229 | starttransfer: 0.010945 | total: 0.010959 | size: 22
Healthcheck requested
dnslookup: 0.001518 | connect: 0.003066 | appconnect: 0.009671 | pretransfer: 0.009692 | starttransfer: 0.011341 | total: 0.011351 | size: 22
Healthcheck requested
dnslookup: 0.001525 | connect: 0.003049 | appconnect: 0.009722 | pretransfer: 0.009743 | starttransfer: 0.011372 | total: 0.011382 | size: 22
Healthcheck requested
dnslookup: 0.000986 | connect: 0.002520 | appconnect: 0.009188 | pretransfer: 0.009210 | starttransfer: 0.011127 | total: 0.011137 | size: 22
Healthcheck requested
dnslookup: 0.001271 | connect: 0.002688 | appconnect: 0.009494 | pretransfer: 0.009519 | starttransfer: 0.011099 | total: 0.011113 | size: 22
Healthcheck requested
dnslookup: 0.000961 | connect: 0.002379 | appconnect: 0.009235 | pretransfer: 0.009256 | starttransfer: 0.010801 | total: 0.010811 | size: 22
Healthcheck requested
dnslookup: 0.001358 | connect: 0.003532 | appconnect: 0.010042 | pretransfer: 0.010065 | starttransfer: 0.011821 | total: 0.011830 | size: 22
Healthcheck requested
dnslookup: 0.001911 | connect: 0.003253 | appconnect: 0.009682 | pretransfer: 0.009706 | starttransfer: 0.010758 | total: 0.010767 | size: 22
Healthcheck requested
dnslookup: 0.001343 | connect: 0.003119 | appconnect: 0.010563 | pretransfer: 0.010584 | starttransfer: 0.013751 | total: 0.013761 | size: 22
Healthcheck requested
dnslookup: 0.001036 | connect: 0.002449 | appconnect: 0.008971 | pretransfer: 0.008993 | starttransfer: 0.011551 | total: 0.011561 | size: 22
Healthcheck requested
dnslookup: 0.001428 | connect: 0.003044 | appconnect: 0.009793 | pretransfer: 0.009813 | starttransfer: 0.011505 | total: 0.011514 | size: 22
Healthcheck requested
dnslookup: 0.001483 | connect: 0.002675 | appconnect: 0.009283 | pretransfer: 0.009304 | starttransfer: 0.011028 | total: 0.011038 | size: 22
Healthcheck requested
dnslookup: 0.001346 | connect: 0.002774 | appconnect: 0.009401 | pretransfer: 0.009423 | starttransfer: 0.011795 | total: 0.011806 | size: 22
Healthcheck requested
dnslookup: 0.001503 | connect: 0.003071 | appconnect: 0.015497 | pretransfer: 0.015519 | starttransfer: 0.017304 | total: 0.017314 | size: 22
Healthcheck requested
dnslookup: 0.001424 | connect: 0.002815 | appconnect: 0.009389 | pretransfer: 0.009423 | starttransfer: 0.010929 | total: 0.010939 | size: 22
Healthcheck requested
dnslookup: 0.001283 | connect: 0.002681 | appconnect: 0.009334 | pretransfer: 0.009356 | starttransfer: 0.011284 | total: 0.011295 | size: 22
Healthcheck requested
dnslookup: 0.001391 | connect: 0.002824 | appconnect: 0.009461 | pretransfer: 0.009483 | starttransfer: 0.011258 | total: 0.011267 | size: 22
Healthcheck requested
dnslookup: 0.004084 | connect: 0.005572 | appconnect: 0.012070 | pretransfer: 0.012105 | starttransfer: 0.013825 | total: 0.013835 | size: 22
Healthcheck requested
dnslookup: 0.000909 | connect: 0.002252 | appconnect: 0.009870 | pretransfer: 0.009891 | starttransfer: 0.012426 | total: 0.012437 | size: 22
Healthcheck requested
dnslookup: 0.001078 | connect: 0.002734 | appconnect: 0.009681 | pretransfer: 0.009703 | starttransfer: 0.011375 | total: 0.011390 | size: 22
Healthcheck requested
dnslookup: 0.001517 | connect: 0.003153 | appconnect: 0.009946 | pretransfer: 0.009970 | starttransfer: 0.011311 | total: 0.011321 | size: 22
Healthcheck requested
dnslookup: 0.001831 | connect: 0.003083 | appconnect: 0.009607 | pretransfer: 0.009629 | starttransfer: 0.010926 | total: 0.010937 | size: 22
Healthcheck requested
dnslookup: 0.001395 | connect: 0.002751 | appconnect: 0.009349 | pretransfer: 0.009371 | starttransfer: 0.011020 | total: 0.011029 | size: 22
Healthcheck requested
dnslookup: 0.001161 | connect: 0.002657 | appconnect: 0.009125 | pretransfer: 0.009145 | starttransfer: 0.011690 | total: 0.011699 | size: 22
Healthcheck requested
dnslookup: 0.000908 | connect: 0.002427 | appconnect: 0.009116 | pretransfer: 0.009137 | starttransfer: 0.010775 | total: 0.010786 | size: 22
Healthcheck requested
dnslookup: 0.000630 | connect: 0.002382 | appconnect: 0.008951 | pretransfer: 0.008973 | starttransfer: 0.010559 | total: 0.010568 | size: 22
Healthcheck requested
dnslookup: 0.001159 | connect: 0.002496 | appconnect: 0.009089 | pretransfer: 0.009113 | starttransfer: 0.010352 | total: 0.010362 | size: 22
Healthcheck requested
dnslookup: 0.001401 | connect: 0.002901 | appconnect: 0.009564 | pretransfer: 0.009586 | starttransfer: 0.012177 | total: 0.012186 | size: 22
Healthcheck requested
dnslookup: 0.000663 | connect: 0.002056 | appconnect: 0.008841 | pretransfer: 0.008865 | starttransfer: 0.010575 | total: 0.010586 | size: 22
Healthcheck requested
dnslookup: 0.001470 | connect: 0.002983 | appconnect: 0.009600 | pretransfer: 0.009627 | starttransfer: 0.011261 | total: 0.011273 | size: 22
Healthcheck requested
dnslookup: 0.000669 | connect: 0.002299 | appconnect: 0.009398 | pretransfer: 0.009434 | starttransfer: 0.011107 | total: 0.011121 | size: 22
Healthcheck requested
dnslookup: 0.001383 | connect: 0.002787 | appconnect: 0.009559 | pretransfer: 0.009581 | starttransfer: 0.010754 | total: 0.010766 | size: 22
Healthcheck requested
dnslookup: 0.000749 | connect: 0.002107 | appconnect: 0.008851 | pretransfer: 0.008873 | starttransfer: 0.010850 | total: 0.010861 | size: 22
Healthcheck requested
dnslookup: 0.001473 | connect: 0.003195 | appconnect: 0.012027 | pretransfer: 0.012058 | starttransfer: 0.013282 | total: 0.013299 | size: 22
Healthcheck requested
dnslookup: 0.002072 | connect: 0.003614 | appconnect: 0.010972 | pretransfer: 0.010995 | starttransfer: 0.012651 | total: 0.012662 | size: 22
Healthcheck requested
dnslookup: 0.001473 | connect: 0.003256 | appconnect: 0.012749 | pretransfer: 0.012783 | starttransfer: 0.014491 | total: 0.014508 | size: 22
Healthcheck requested
dnslookup: 0.001186 | connect: 0.002528 | appconnect: 0.009042 | pretransfer: 0.009065 | starttransfer: 0.011309 | total: 0.011321 | size: 22
Healthcheck requested
dnslookup: 0.001517 | connect: 0.003355 | appconnect: 0.010343 | pretransfer: 0.010366 | starttransfer: 0.012248 | total: 0.012261 | size: 22
Healthcheck requested
dnslookup: 0.001325 | connect: 0.002788 | appconnect: 0.009433 | pretransfer: 0.009456 | starttransfer: 0.012087 | total: 0.012098 | size: 22
Healthcheck requested
dnslookup: 0.000725 | connect: 0.002622 | appconnect: 0.009473 | pretransfer: 0.009509 | starttransfer: 0.013165 | total: 0.013177 | size: 22
Healthcheck requested
dnslookup: 0.001063 | connect: 0.002522 | appconnect: 0.009040 | pretransfer: 0.009062 | starttransfer: 0.010551 | total: 0.010562 | size: 22
Healthcheck requested
dnslookup: 0.000802 | connect: 0.002535 | appconnect: 0.009094 | pretransfer: 0.009117 | starttransfer: 0.010863 | total: 0.010873 | size: 22
Healthcheck requested
dnslookup: 0.001470 | connect: 0.002855 | appconnect: 0.009454 | pretransfer: 0.009477 | starttransfer: 0.012025 | total: 0.012036 | size: 22
Healthcheck requested
dnslookup: 0.000881 | connect: 0.002560 | appconnect: 0.009384 | pretransfer: 0.009406 | starttransfer: 0.011017 | total: 0.011029 | size: 22
Healthcheck requested
dnslookup: 0.001567 | connect: 0.003195 | appconnect: 0.009804 | pretransfer: 0.009842 | starttransfer: 0.011769 | total: 0.011781 | size: 22
Healthcheck requested
dnslookup: 0.001455 | connect: 0.002981 | appconnect: 0.009749 | pretransfer: 0.009772 | starttransfer: 0.011282 | total: 0.011292 | size: 22
Healthcheck requested
dnslookup: 0.001940 | connect: 0.003462 | appconnect: 0.010216 | pretransfer: 0.010239 | starttransfer: 0.011458 | total: 0.011470 | size: 22
Healthcheck requested
dnslookup: 0.001516 | connect: 0.002907 | appconnect: 0.010097 | pretransfer: 0.010119 | starttransfer: 0.012011 | total: 0.012021 | size: 22
Healthcheck requested
dnslookup: 0.001516 | connect: 0.003057 | appconnect: 0.011897 | pretransfer: 0.011928 | starttransfer: 0.013704 | total: 0.013716 | size: 22
Healthcheck requested
dnslookup: 0.001471 | connect: 0.002807 | appconnect: 0.009627 | pretransfer: 0.009650 | starttransfer: 0.011133 | total: 0.011143 | size: 22
Healthcheck requested
dnslookup: 0.001037 | connect: 0.002445 | appconnect: 0.009336 | pretransfer: 0.009364 | starttransfer: 0.011024 | total: 0.011036 | size: 22
Healthcheck requested
dnslookup: 0.001415 | connect: 0.003298 | appconnect: 0.010395 | pretransfer: 0.010428 | starttransfer: 0.011682 | total: 0.011692 | size: 22
Healthcheck requested
dnslookup: 0.001535 | connect: 0.003164 | appconnect: 0.010122 | pretransfer: 0.010146 | starttransfer: 0.012824 | total: 0.012836 | size: 22
Healthcheck requested
dnslookup: 0.001595 | connect: 0.003199 | appconnect: 0.011115 | pretransfer: 0.011145 | starttransfer: 0.013538 | total: 0.013551 | size: 22
Healthcheck requested
dnslookup: 0.001277 | connect: 0.003372 | appconnect: 0.010505 | pretransfer: 0.010529 | starttransfer: 0.011927 | total: 0.011940 | size: 22
Healthcheck requested
dnslookup: 0.001226 | connect: 0.002754 | appconnect: 0.010455 | pretransfer: 0.010483 | starttransfer: 0.013034 | total: 0.013050 | size: 22
Healthcheck requested
dnslookup: 0.004087 | connect: 0.006530 | appconnect: 0.014047 | pretransfer: 0.014069 | starttransfer: 0.018208 | total: 0.018220 | size: 22
Healthcheck requested
dnslookup: 0.001443 | connect: 0.003220 | appconnect: 0.011355 | pretransfer: 0.011379 | starttransfer: 0.013095 | total: 0.013110 | size: 22
Healthcheck requested
dnslookup: 0.000906 | connect: 0.002369 | appconnect: 0.010188 | pretransfer: 0.010216 | starttransfer: 0.013048 | total: 0.013062 | size: 22
Healthcheck requested
dnslookup: 0.001490 | connect: 0.002944 | appconnect: 0.012046 | pretransfer: 0.012072 | starttransfer: 0.013569 | total: 0.013582 | size: 22
Healthcheck requested
dnslookup: 0.000739 | connect: 0.002208 | appconnect: 0.009594 | pretransfer: 0.009620 | starttransfer: 0.011455 | total: 0.011466 | size: 22
Healthcheck requested
dnslookup: 0.002578 | connect: 0.003946 | appconnect: 0.012834 | pretransfer: 0.012870 | starttransfer: 0.014591 | total: 0.014607 | size: 22
Healthcheck requested
dnslookup: 0.000996 | connect: 0.002445 | appconnect: 0.012310 | pretransfer: 0.012341 | starttransfer: 0.014948 | total: 0.014965 | size: 22
Healthcheck requested
dnslookup: 0.001710 | connect: 0.003097 | appconnect: 0.011713 | pretransfer: 0.011736 | starttransfer: 0.012956 | total: 0.012970 | size: 22
Healthcheck requested
dnslookup: 0.001012 | connect: 0.002590 | appconnect: 0.010003 | pretransfer: 0.010036 | starttransfer: 0.011673 | total: 0.011708 | size: 22
Healthcheck requested
dnslookup: 0.000980 | connect: 0.002567 | appconnect: 0.011080 | pretransfer: 0.011105 | starttransfer: 0.012795 | total: 0.012807 | size: 22
Healthcheck requested
dnslookup: 0.001435 | connect: 0.003038 | appconnect: 0.011297 | pretransfer: 0.011333 | starttransfer: 0.012626 | total: 0.012639 | size: 22
Healthcheck requested
dnslookup: 0.001545 | connect: 0.002971 | appconnect: 0.011123 | pretransfer: 0.011146 | starttransfer: 0.012567 | total: 0.012582 | size: 22
Healthcheck requested
dnslookup: 0.001691 | connect: 0.003465 | appconnect: 0.011617 | pretransfer: 0.011647 | starttransfer: 0.013181 | total: 0.013197 | size: 22
Healthcheck requested
dnslookup: 0.001228 | connect: 0.002614 | appconnect: 0.010894 | pretransfer: 0.010918 | starttransfer: 0.012628 | total: 0.012640 | size: 22
Healthcheck requested
dnslookup: 0.000841 | connect: 0.002222 | appconnect: 0.012693 | pretransfer: 0.012716 | starttransfer: 0.014302 | total: 0.014315 | size: 22
Healthcheck requested
dnslookup: 0.001705 | connect: 0.003288 | appconnect: 0.018699 | pretransfer: 0.018760 | starttransfer: 0.020408 | total: 0.020421 | size: 22
Healthcheck requested
dnslookup: 0.004098 | connect: 0.005431 | appconnect: 0.013173 | pretransfer: 0.013199 | starttransfer: 0.016142 | total: 0.016157 | size: 22
Healthcheck requested
dnslookup: 0.001285 | connect: 0.002831 | appconnect: 0.010749 | pretransfer: 0.010772 | starttransfer: 0.013359 | total: 0.013376 | size: 22
Healthcheck requested
dnslookup: 0.001997 | connect: 0.003717 | appconnect: 0.012666 | pretransfer: 0.012691 | starttransfer: 0.013957 | total: 0.013969 | size: 22
Healthcheck requested
dnslookup: 0.001592 | connect: 0.003405 | appconnect: 0.013140 | pretransfer: 0.013168 | starttransfer: 0.015070 | total: 0.015082 | size: 22
Healthcheck requested
dnslookup: 0.001215 | connect: 0.002584 | appconnect: 0.011250 | pretransfer: 0.011281 | starttransfer: 0.013079 | total: 0.013092 | size: 22
Healthcheck requested
dnslookup: 0.001460 | connect: 0.003194 | appconnect: 0.010172 | pretransfer: 0.010195 | starttransfer: 0.011902 | total: 0.011912 | size: 22
Healthcheck requested
dnslookup: 0.001406 | connect: 0.003277 | appconnect: 0.010369 | pretransfer: 0.010394 | starttransfer: 0.013365 | total: 0.013378 | size: 22
Healthcheck requested
dnslookup: 0.001526 | connect: 0.003327 | appconnect: 0.011040 | pretransfer: 0.011067 | starttransfer: 0.012767 | total: 0.012778 | size: 22
Healthcheck requested
dnslookup: 0.001414 | connect: 0.002716 | appconnect: 0.011108 | pretransfer: 0.011136 | starttransfer: 0.012575 | total: 0.012587 | size: 22
Healthcheck requested
dnslookup: 0.001733 | connect: 0.003110 | appconnect: 0.010550 | pretransfer: 0.010582 | starttransfer: 0.012119 | total: 0.012135 | size: 22
Healthcheck requested
dnslookup: 0.001070 | connect: 0.002738 | appconnect: 0.010309 | pretransfer: 0.010343 | starttransfer: 0.012019 | total: 0.012030 | size: 22
Healthcheck requested
dnslookup: 0.000972 | connect: 0.002458 | appconnect: 0.009678 | pretransfer: 0.009704 | starttransfer: 0.011548 | total: 0.011563 | size: 22
Healthcheck requested
dnslookup: 0.001428 | connect: 0.002828 | appconnect: 0.010907 | pretransfer: 0.010929 | starttransfer: 0.012690 | total: 0.012704 | size: 22
Healthcheck requested
dnslookup: 0.006252 | connect: 0.007458 | appconnect: 0.016806 | pretransfer: 0.016834 | starttransfer: 0.018415 | total: 0.018430 | size: 22
Healthcheck requested
dnslookup: 0.001306 | connect: 0.002636 | appconnect: 0.009914 | pretransfer: 0.009940 | starttransfer: 0.011625 | total: 0.011639 | size: 22
Healthcheck requested
dnslookup: 0.001503 | connect: 0.003119 | appconnect: 0.012751 | pretransfer: 0.012784 | starttransfer: 0.014713 | total: 0.014730 | size: 22
Healthcheck requested
dnslookup: 0.001555 | connect: 0.002961 | appconnect: 0.013072 | pretransfer: 0.013102 | starttransfer: 0.014948 | total: 0.014962 | size: 22
Healthcheck requested
dnslookup: 0.001664 | connect: 0.003103 | appconnect: 0.010798 | pretransfer: 0.010822 | starttransfer: 0.012321 | total: 0.012336 | size: 22
